01.11.2021 05:56:15 sql=[select * from db_category where id=5] 
01.11.2021 05:56:20 sql=[select * from db_category where id=5] 
01.11.2021 05:56:38 sql=[select * from db_category where id=5] 
01.11.2021 05:59:27 sql=[select * from db_category where id=5] 
01.11.2021 06:01:53 sql=[select * from db_category where id=5] 
01.11.2021 06:03:01 sql=[select * from db_category where id=5] 
01.11.2021 06:03:17 sql=[select * from db_category where id=5] 
01.11.2021 06:03:30 sql=[select * from db_category where id=1] 
01.11.2021 06:03:37 sql=[select * from db_category where id=6] 
01.11.2021 06:04:49 sql=[select * from db_category where id=5] 
01.11.2021 06:06:23 sql=[select * from db_category where id=5] 
01.11.2021 06:06:35 sql=[select * from db_category where id=5] 
01.11.2021 06:09:33 sql=[select * from db_category where id=6] 
01.11.2021 06:18:49 sql=[select * from db_category where id=1] 
01.11.2021 06:18:52 sql=[select * from db_category where id=2] 
01.11.2021 06:18:55 sql=[select * from db_category where id=3] 
01.11.2021 06:18:58 sql=[select * from db_category where id=4] 
01.11.2021 06:19:01 sql=[select * from db_category where id=5] 
03.11.2021 09:35:09 sql=[select * from db_category where id=1] 
04.11.2021 09:11:43 sql=[select * from db_category where id=1] 
04.11.2021 09:24:27 sql=[select * from db_category where id=1] 
04.11.2021 09:25:56 sql=[select * from db_category where id=1] 
04.11.2021 09:34:46 sql=[select * from db_category where id=1] 
04.11.2021 09:36:19 sql=[select * from db_category where id=1] 
04.11.2021 09:38:45 sql=[select * from db_category where id=1] 
04.11.2021 09:40:17 sql=[select * from db_category where id=1] 
04.11.2021 09:42:58 sql=[select * from db_category where id=1] 
04.11.2021 09:43:34 sql=[select * from db_category where id=1] 
04.11.2021 09:46:07 sql=[select * from db_category where id=1] 
04.11.2021 09:47:07 sql=[select * from db_category where id=1] 
04.11.2021 09:51:19 sql=[select * from db_category where id=1] 
04.11.2021 09:54:29 sql=[select * from db_category where id=1] 
04.11.2021 09:56:31 sql=[select * from db_category where id=1] 
04.11.2021 09:58:58 sql=[select * from db_category where id=1] 
04.11.2021 10:01:50 sql=[select * from db_category where id=1] 
04.11.2021 10:03:19 sql=[select * from db_category where id=1] 
04.11.2021 10:04:17 sql=[select * from db_category where id=1] 
04.11.2021 10:05:08 sql=[select * from db_category where id=1] 
04.11.2021 10:05:48 sql=[select * from db_category where id=1] 
04.11.2021 10:06:37 sql=[select * from db_category where id=1] 
04.11.2021 10:07:14 sql=[select * from db_category where id=1] 
04.11.2021 10:07:44 sql=[select * from db_category where id=2] 
04.11.2021 10:08:14 sql=[select * from db_category where id=1] 
07.11.2021 10:04:05 sql=[select * from db_category where id=1] 
07.11.2021 10:16:54 sql=[select * from db_category where id=1] 
07.11.2021 10:43:42 sql=[select * from db_category where id=1] 
07.11.2021 11:09:25 sql=[select * from db_category where id=1] 
07.11.2021 11:10:07 sql=[select * from db_category where id=1] 
07.11.2021 11:10:14 sql=[select * from db_category where id=2] 
07.11.2021 12:00:46 sql=[select * from db_category where id=1] 
07.11.2021 12:00:51 sql=[select * from db_category where id=1] 
07.11.2021 12:00:56 sql=[select * from db_category where id=2] 
07.11.2021 12:20:54 sql=[select * from db_content where id=1] 
07.11.2021 12:20:54 sql=[select * from db_content 
	where cid=1 limit 10] 
07.11.2021 12:21:38 sql=[select * from db_content where id=1] 
07.11.2021 12:21:38 sql=[select * from db_content 
	where cid=1 limit 10] 
07.11.2021 12:22:03 sql=[select * from db_content where id=1] 
07.11.2021 12:22:03 sql=[select * from db_content 
	where cid=1 limit 10] 
07.11.2021 12:22:04 sql=[select * from db_content where id=1] 
07.11.2021 12:22:04 sql=[select * from db_content 
	where cid=1 limit 10] 
07.11.2021 12:22:52 sql=[select * from db_content where id=1] 
07.11.2021 12:22:52 sql=[select * from db_content 
	where cid=1 limit 10] 
07.11.2021 12:23:26 sql=[select * from db_content where id=1] 
07.11.2021 12:23:26 sql=[select * from db_content 
	where cid=1 limit 10] 
07.11.2021 01:56:52 sql=[select * from db_content where id=1] 
07.11.2021 02:04:59 sql=[select * from db_content where id=1] 
07.11.2021 02:04:59 sql=[select * from db_content 
	where cid=1 limit 10] 
07.11.2021 02:05:06 sql=[select * from db_content where id=1] 
07.11.2021 02:05:06 sql=[select * from db_content 
	where cid=1 limit 10] 
07.11.2021 02:05:33 sql=[select * from db_content where id=1] 
07.11.2021 02:05:33 sql=[select * from db_content 
	where cid=1 limit 10] 
07.11.2021 02:05:37 sql=[select * from db_content where id=1] 
07.11.2021 02:05:37 sql=[select * from db_content 
	where cid=1 limit 10] 
07.11.2021 02:05:43 sql=[select * from db_content where id=1] 
07.11.2021 02:05:43 sql=[select * from db_content 
	where cid=1 limit 10] 
07.11.2021 02:05:50 sql=[select * from db_content where id=1] 
07.11.2021 02:05:50 sql=[select * from db_content 
	where cid=1 limit 10] 
07.11.2021 02:07:01 sql=[select * from db_content where id=1] 
07.11.2021 02:07:01 sql=[select * from db_content 
	where cid=1 limit 10] 
07.11.2021 02:07:08 sql=[select * from db_content where id=2] 
07.11.2021 02:07:12 sql=[select * from db_content where id=1] 
07.11.2021 02:07:12 sql=[select * from db_content 
	where cid=1 limit 10] 
07.11.2021 02:08:42 sql=[select * from db_content where id=1] 
07.11.2021 02:08:42 sql=[select * from db_content 
	where cid=1 limit 10] 
07.11.2021 02:08:50 sql=[select * from db_content where id=1] 
07.11.2021 02:08:50 sql=[select * from db_content 
	where cid=1 limit 10] 
07.11.2021 02:08:54 sql=[select * from db_content where id=1] 
07.11.2021 02:08:54 sql=[select * from db_content 
	where cid=1 limit 10] 
07.11.2021 02:14:17 sql=[select * from db_content where id=1] 
07.11.2021 02:14:17 sql=[select * from db_content 
	where cid=1 limit 10] 
07.11.2021 08:58:36 sql=[select * from db_category where id=1] 
07.11.2021 08:58:42 sql=[select * from db_category where id=2] 
07.11.2021 10:20:50 sql=[select * from db_content where id=1] 
07.11.2021 10:20:50 sql=[select * from db_content 
	where cid=2 limit 10] 
07.11.2021 10:20:54 sql=[select * from db_content where id=2] 
07.11.2021 10:20:54 sql=[select * from db_content 
	where cid=1 limit 10] 
07.11.2021 10:20:59 sql=[select * from db_content where id=1] 
07.11.2021 10:20:59 sql=[select * from db_content 
	where cid=2 limit 10] 
08.11.2021 10:07:08 sql=[select * from db_content where cid = 1] 
08.11.2021 10:07:08 sql=[select * from db_category where id = 1] 
08.11.2021 10:07:08 sql=[select * from db_content where cid = 1  limit 10 offset 0 ] 
08.11.2021 10:07:08 sql=[select count(*) as c from db_content where cid = 1] 
08.11.2021 10:08:30 sql=[select * from db_content where cid = 1] 
08.11.2021 10:08:30 sql=[select * from db_category where id = 1] 
08.11.2021 10:08:30 sql=[select * from db_content where cid = 1  limit 10 offset 0 ] 
08.11.2021 10:08:30 sql=[select count(*) as c from db_content where cid = 1] 
08.11.2021 10:09:05 sql=[select * from db_content where cid = 1] 
08.11.2021 10:09:05 sql=[select * from db_category where id = 1] 
08.11.2021 10:09:05 sql=[select * from db_content where cid = 1  limit 10 offset 0 ] 
08.11.2021 10:09:05 sql=[select count(*) as c from db_content where cid = 1] 
08.11.2021 10:09:21 sql=[select * from db_content where cid = 1] 
08.11.2021 10:09:21 sql=[select * from db_category where id = 1] 
08.11.2021 10:09:21 sql=[select * from db_content where cid = 1  limit 10 offset 0 ] 
08.11.2021 10:09:21 sql=[select count(*) as c from db_content where cid = 1] 
08.11.2021 10:09:30 sql=[select * from db_content where cid = 1] 
08.11.2021 10:09:30 sql=[select * from db_category where id = 1] 
08.11.2021 10:09:30 sql=[select * from db_content where cid = 1  limit 10 offset 0 ] 
08.11.2021 10:09:30 sql=[select count(*) as c from db_content where cid = 1] 
08.11.2021 10:10:13 sql=[select * from db_content where cid = 1] 
08.11.2021 10:10:13 sql=[select * from db_category where id = 1] 
08.11.2021 10:10:13 sql=[select * from db_content where cid = 1  limit 10 offset 0 ] 
08.11.2021 10:10:13 sql=[select count(*) as c from db_content where cid = 1] 
08.11.2021 10:12:21 sql=[select * from db_content where cid = 1] 
08.11.2021 10:12:21 sql=[select * from db_category where id = 1] 
08.11.2021 10:12:21 sql=[select * from db_content where cid = 1  limit 10 offset 0 ] 
08.11.2021 10:12:21 sql=[select count(*) as c from db_content where cid = 1] 
08.11.2021 10:13:05 sql=[select * from db_content where cid = 1] 
08.11.2021 10:13:05 sql=[select * from db_category where id = 1] 
08.11.2021 10:13:05 sql=[select * from db_content where cid = 1  limit 10 offset 0 ] 
08.11.2021 10:13:05 sql=[select count(*) as c from db_content where cid = 1] 
08.11.2021 10:29:03 sql=[select * from db_content where cid = 1] 
08.11.2021 10:29:03 sql=[select * from db_category where id = 1] 
08.11.2021 10:29:03 sql=[select * from db_content where cid = 1  limit 10 offset 0 ] 
08.11.2021 10:29:03 sql=[select count(*) as c from db_content where cid = 1] 
08.11.2021 10:32:41 sql=[select * from db_content where id=0 ] 
08.11.2021 10:32:47 sql=[select * from db_content where id=1 ] 
08.11.2021 10:32:50 sql=[select * from db_content where id=1 ] 
08.11.2021 10:34:01 sql=[select * from db_content where id=1 ] 
08.11.2021 10:34:15 sql=[select * from db_content where id=0 ] 
08.11.2021 10:34:24 sql=[select * from db_content where id=1 ] 
08.11.2021 10:36:06 sql=[select * from db_content where id=1 ] 
08.11.2021 10:36:42 sql=[select * from db_content where id=1 ] 
08.11.2021 10:37:34 sql=[select * from db_content where id=1 ] 
08.11.2021 11:35:44 sql=[select * from db_content where id=0 ] 
08.11.2021 11:35:50 sql=[select * from db_content where id=0 ] 
08.11.2021 11:37:20 sql=[select * from db_content where id=0 ] 
08.11.2021 11:38:47 sql=[select * from db_content where id=0 ] 
08.11.2021 11:39:07 sql=[select * from db_content where id=0 ] 
08.11.2021 11:39:11 sql=[select * from db_content where id=1 ] 
08.11.2021 11:39:21 sql=[select * from db_content where id=2 ] 
08.11.2021 11:41:18 sql=[select * from db_content where id=1 ] 
08.11.2021 11:43:49 sql=[select * from db_content where id=1 ] 
08.11.2021 11:44:49 sql=[select * from db_content where id=1 ] 
08.11.2021 11:45:39 sql=[select * from db_content where id=1 ] 
08.11.2021 11:46:36 sql=[select * from db_content where id=1 ] 
08.11.2021 11:46:41 sql=[select * from db_content where id=2 ] 
08.11.2021 11:47:11 sql=[select * from db_content where id=2 ] 
08.11.2021 11:47:17 sql=[select * from db_content where id=1 ] 
08.11.2021 11:49:06 sql=[select * from db_content where id=1 ] 
08.11.2021 11:49:14 sql=[select * from db_content where id=2 ] 
08.11.2021 11:51:33 sql=[select * from db_content where id=1 ] 
08.11.2021 11:54:43 sql=[select * from db_content where id=1 ] 
08.11.2021 11:57:30 sql=[select * from db_content where id=1 ] 
08.11.2021 11:57:38 sql=[select * from db_content where id=2 ] 
08.11.2021 12:00:20 sql=[select * from db_content where id=2 ] 
08.11.2021 12:01:37 sql=[select * from db_content where id=2 ] 
08.11.2021 12:02:44 sql=[select * from db_content where id=2 ] 
08.11.2021 12:07:10 sql=[select * from db_content where id=2 ] 
08.11.2021 12:12:28 sql=[select * from db_content where id=1 ] 
08.11.2021 12:13:40 sql=[select * from db_content where id=1 ] 
08.11.2021 12:14:26 sql=[select * from db_content where id=1 ] 
08.11.2021 12:15:13 sql=[select * from db_content where id=1 ] 
08.11.2021 12:15:20 sql=[select * from db_content where id=2 ] 
08.11.2021 12:16:28 sql=[select * from db_content where id=1 ] 
08.11.2021 12:20:13 sql=[select * from db_content where id=1 ] 
08.11.2021 12:20:16 sql=[select * from db_content where id=1 ] 
08.11.2021 12:20:26 sql=[select * from db_content where id=2 ] 
08.11.2021 12:20:32 sql=[select * from db_content where id=1 ] 
08.11.2021 12:35:20 sql=[select * from db_content where id=1 ] 
08.11.2021 12:39:04 sql=[select * from db_content where id=1 ] 
08.11.2021 12:40:14 sql=[select * from db_content where id=1 ] 
08.11.2021 12:44:10 sql=[select * from db_content where id=1 ] 
08.11.2021 12:44:25 sql=[select * from db_content where id=1 ] 
08.11.2021 12:45:53 sql=[select * from db_content where id=1 ] 
08.11.2021 12:46:59 sql=[select * from db_content where id=1 ] 
08.11.2021 12:50:10 sql=[select * from db_content where id=1 ] 
08.11.2021 12:51:01 sql=[select * from db_content where id=1 ] 
08.11.2021 12:51:32 sql=[select * from db_content where id=1 ] 
08.11.2021 12:54:01 sql=[select * from db_content where id=1 ] 
08.11.2021 12:55:31 sql=[select * from db_content where id=1 ] 
08.11.2021 12:56:42 sql=[select * from db_content where id=1 ] 
08.11.2021 12:56:55 sql=[select * from db_content where id=1 ] 
08.11.2021 12:58:06 sql=[select * from db_content where id=1 ] 
08.11.2021 12:58:11 sql=[select * from db_content where id=1 ] 
08.11.2021 12:58:58 sql=[select * from db_content where id=1 ] 
08.11.2021 02:05:21 sql=[select * from db_content where id=1 ] 
08.11.2021 02:05:39 sql=[select * from db_content where cid = 1] 
08.11.2021 02:05:39 sql=[select * from db_category where id = 1] 
08.11.2021 02:05:39 sql=[select * from db_content where cid = 1  limit 10 offset 0 ] 
08.11.2021 02:05:39 sql=[select count(*) as c from db_content where cid = 1] 
08.11.2021 02:06:27 sql=[select * from db_content where cid = 1] 
08.11.2021 02:06:27 sql=[select * from db_category where id = 1] 
08.11.2021 02:06:27 sql=[select * from db_content where cid = 1  limit 10 offset 0 ] 
08.11.2021 02:06:27 sql=[select count(*) as c from db_content where cid = 1] 
08.11.2021 02:08:20 sql=[select * from db_content where cid = 1] 
08.11.2021 02:08:20 sql=[select * from db_category where id = 1] 
08.11.2021 02:08:20 sql=[select * from db_content where cid = 1  limit 10 offset 0 ] 
08.11.2021 02:08:20 sql=[select count(*) as c from db_content where cid = 1] 
08.11.2021 02:13:38 sql=[select * from db_content where cid = 1] 
08.11.2021 02:13:38 sql=[select * from db_category where id = 1] 
08.11.2021 02:13:38 sql=[select * from db_content where cid = 1  limit 10 offset 0 ] 
08.11.2021 02:13:38 sql=[select count(*) as c from db_content where cid = 1] 
08.11.2021 02:14:00 sql=[select * from db_content where cid = 1] 
08.11.2021 02:14:00 sql=[select * from db_category where id = 1] 
08.11.2021 02:14:00 sql=[select * from db_content where cid = 1  limit 10 offset 0 ] 
08.11.2021 02:14:00 sql=[select count(*) as c from db_content where cid = 1] 
08.11.2021 02:16:37 sql=[select * from db_content where cid = 1] 
08.11.2021 02:16:37 sql=[select * from db_category where id = 1] 
08.11.2021 02:16:37 sql=[select * from db_content where cid = 1  limit 10 offset 0 ] 
08.11.2021 02:16:37 sql=[select count(*) as c from db_content where cid = 1] 
08.11.2021 02:16:50 sql=[select * from db_content where cid = 1] 
08.11.2021 02:16:50 sql=[select * from db_category where id = 1] 
08.11.2021 02:16:50 sql=[select * from db_content where cid = 1  limit 10 offset 0 ] 
08.11.2021 02:16:50 sql=[select count(*) as c from db_content where cid = 1] 
08.11.2021 02:17:38 sql=[select * from db_content where cid = 1] 
08.11.2021 02:17:38 sql=[select * from db_category where id = 1] 
08.11.2021 02:17:38 sql=[select * from db_content where cid = 1  limit 10 offset 0 ] 
08.11.2021 02:17:38 sql=[select count(*) as c from db_content where cid = 1] 
08.11.2021 02:18:09 sql=[select * from db_content where cid = 1] 
08.11.2021 02:18:09 sql=[select * from db_category where id = 1] 
08.11.2021 02:18:09 sql=[select * from db_content where cid = 1  limit 10 offset 0 ] 
08.11.2021 02:18:09 sql=[select count(*) as c from db_content where cid = 1] 
08.11.2021 02:19:07 sql=[select * from db_content where cid = 1] 
08.11.2021 02:19:07 sql=[select * from db_category where id = 1] 
08.11.2021 02:19:07 sql=[select * from db_content where cid = 1  limit 10 offset 0 ] 
08.11.2021 02:19:07 sql=[select count(*) as c from db_content where cid = 1] 
08.11.2021 02:19:15 sql=[select * from db_content where id=0 ] 
08.11.2021 02:19:18 sql=[select * from db_content where id=0 ] 
08.11.2021 02:19:23 sql=[select * from db_content where id=1 ] 
08.11.2021 02:20:28 sql=[select * from db_content where cid = 0] 
08.11.2021 02:20:28 sql=[select * from db_category where id = 0] 
08.11.2021 02:20:28 sql=[select * from db_content where cid = 0  limit 10 offset 0 ] 
08.11.2021 02:20:29 sql=[select count(*) as c from db_content where cid = 0] 
08.11.2021 02:20:33 sql=[select * from db_content where cid = 1] 
08.11.2021 02:20:33 sql=[select * from db_category where id = 1] 
08.11.2021 02:20:33 sql=[select * from db_content where cid = 1  limit 10 offset 0 ] 
08.11.2021 02:20:33 sql=[select count(*) as c from db_content where cid = 1] 
08.11.2021 02:21:08 sql=[select * from db_content where cid = 1] 
08.11.2021 02:21:08 sql=[select * from db_category where id = 1] 
08.11.2021 02:21:08 sql=[select * from db_content where cid = 1  limit 10 offset 0 ] 
08.11.2021 02:21:08 sql=[select count(*) as c from db_content where cid = 1] 
08.11.2021 02:22:39 sql=[select * from db_content where cid = 1] 
08.11.2021 02:22:39 sql=[select * from db_category where id = 1] 
08.11.2021 02:22:39 sql=[select * from db_content where cid = 1  limit 10 offset 0 ] 
08.11.2021 02:22:39 sql=[select count(*) as c from db_content where cid = 1] 
08.11.2021 02:27:38 sql=[select * from db_content where cid = 1] 
08.11.2021 02:27:38 sql=[select * from db_category where id = 1] 
08.11.2021 02:27:38 sql=[select * from db_content where cid = 1  limit 10 offset 0 ] 
08.11.2021 02:27:38 sql=[select count(*) as c from db_content where cid = 1] 
08.11.2021 02:33:28 sql=[select * from db_content where cid = 1] 
08.11.2021 02:33:28 sql=[select * from db_category where id = 1] 
08.11.2021 02:33:28 sql=[select * from db_content where cid = 1  limit 10 offset 0 ] 
08.11.2021 02:33:28 sql=[select count(*) as c from db_content where cid = 1] 
08.11.2021 02:34:00 sql=[select * from db_content where cid = 1] 
08.11.2021 02:34:00 sql=[select * from db_category where id = 1] 
08.11.2021 02:34:00 sql=[select * from db_content where cid = 1  limit 10 offset 0 ] 
08.11.2021 02:34:00 sql=[select count(*) as c from db_content where cid = 1] 
08.11.2021 02:43:59 sql=[select * from db_content where cid = 1] 
08.11.2021 02:43:59 sql=[select * from db_category where id = 1] 
08.11.2021 02:43:59 sql=[select * from db_content where cid = 1  limit 10 offset 0 ] 
08.11.2021 02:43:59 sql=[select count(*) as c from db_content where cid = 1] 
08.11.2021 02:44:30 sql=[select * from db_content where cid = 1] 
08.11.2021 02:44:30 sql=[select * from db_category where id = 1] 
08.11.2021 02:44:30 sql=[select * from db_content where cid = 1  limit 10 offset 0 ] 
08.11.2021 02:44:30 sql=[select count(*) as c from db_content where cid = 1] 
08.11.2021 02:51:40 sql=[select * from db_content where id=0 ] 
08.11.2021 02:51:46 sql=[select * from db_content where id=1 ] 
08.11.2021 02:51:53 sql=[select * from db_content where id=2 ] 
08.11.2021 02:54:53 sql=[select * from db_content where id=2 ] 
08.11.2021 02:56:06 sql=[select * from db_content where id=2 ] 
08.11.2021 03:02:11 sql=[select * from db_content where cid = 1] 
08.11.2021 03:02:11 sql=[select * from db_category where id = 1] 
08.11.2021 03:02:11 sql=[select * from db_content where cid = 1  limit 10 offset 0 ] 
08.11.2021 03:02:11 sql=[select count(*) as c from db_content where cid = 1] 
08.11.2021 03:07:15 sql=[select * from db_content where cid = 1] 
08.11.2021 03:07:15 sql=[select * from db_category where id = 1] 
08.11.2021 03:07:15 sql=[select * from db_content where cid = 1  limit 10 offset 0 ] 
08.11.2021 03:07:15 sql=[select count(*) as c from db_content where cid = 1] 
08.11.2021 03:07:42 sql=[select * from db_content where cid = 1] 
08.11.2021 03:07:42 sql=[select * from db_category where id = 1] 
08.11.2021 03:07:42 sql=[select * from db_content where cid = 1  limit 10 offset 0 ] 
08.11.2021 03:07:42 sql=[select count(*) as c from db_content where cid = 1] 
08.11.2021 03:08:16 sql=[select * from db_content where id=1 ] 
08.11.2021 03:10:49 sql=[select * from db_content where cid = 1] 
08.11.2021 03:10:49 sql=[select * from db_category where id = 1] 
08.11.2021 03:10:49 sql=[select * from db_content where cid = 1  limit 10 offset 0 ] 
08.11.2021 03:10:49 sql=[select count(*) as c from db_content where cid = 1] 
08.11.2021 03:14:26 sql=[select * from db_content where cid = 1] 
08.11.2021 03:14:26 sql=[select * from db_category where id = 1] 
08.11.2021 03:14:26 sql=[select * from db_content where cid = 1  limit 10 offset 0 ] 
08.11.2021 03:14:26 sql=[select count(*) as c from db_content where cid = 1] 
08.11.2021 03:14:44 sql=[select * from db_content where id=1 ] 
08.11.2021 03:14:49 sql=[select * from db_content where id=2 ] 
08.11.2021 03:18:54 sql=[select * from db_content where id=4 ] 
08.11.2021 03:25:40 sql=[select * from db_content where cid = 1] 
08.11.2021 03:25:40 sql=[select * from db_category where id = 1] 
08.11.2021 03:25:40 sql=[select * from db_content where cid = 1  limit 10 offset 0 ] 
08.11.2021 03:25:40 sql=[select count(*) as c from db_content where cid = 1] 
08.11.2021 03:38:36 sql=[select * from db_content where cid = 1] 
08.11.2021 03:38:36 sql=[select * from db_category where id = 1] 
08.11.2021 03:38:36 sql=[select * from db_content where cid = 1  limit 10 offset 0 ] 
08.11.2021 03:38:36 sql=[select count(*) as c from db_content where cid = 1] 
08.11.2021 03:39:57 sql=[select * from db_content where cid = 1] 
08.11.2021 03:39:57 sql=[select * from db_category where id = 1] 
08.11.2021 03:39:57 sql=[select * from db_content where cid = 1  limit 10 offset 0 ] 
08.11.2021 03:39:57 sql=[select count(*) as c from db_content where cid = 1] 
08.11.2021 04:07:08 sql=[select * from db_content where cid = 1] 
08.11.2021 04:07:08 sql=[select * from db_category where id = 1] 
08.11.2021 04:07:08 sql=[select * from db_content where cid = 1  limit 10 offset 0 ] 
08.11.2021 04:07:08 sql=[select count(*) as c from db_content where cid = 1] 
08.11.2021 04:09:22 sql=[select * from db_content where cid = 1] 
08.11.2021 04:09:22 sql=[select * from db_category where id = 1] 
08.11.2021 04:09:22 sql=[select * from db_content where cid = 1  limit 10 offset 0 ] 
08.11.2021 04:09:22 sql=[select count(*) as c from db_content where cid = 1] 
08.11.2021 04:09:42 sql=[select * from db_content where id=1 ] 
08.11.2021 04:09:47 sql=[select * from db_content where id=2 ] 
08.11.2021 04:09:58 sql=[select * from db_content where id=3 ] 
08.11.2021 04:10:05 sql=[select * from db_content where id=4 ] 
08.11.2021 04:10:17 sql=[select * from db_content where id=5 ] 
08.11.2021 04:10:51 sql=[select * from db_content where cid = 2] 
08.11.2021 04:10:51 sql=[select * from db_category where id = 2] 
08.11.2021 04:10:51 sql=[select * from db_content where cid = 2  limit 10 offset 0 ] 
08.11.2021 04:10:51 sql=[select count(*) as c from db_content where cid = 2] 
08.11.2021 04:27:59 sql=[select * from db_content where cid = 2] 
08.11.2021 04:27:59 sql=[select * from db_category where id = 2] 
08.11.2021 04:27:59 sql=[select * from db_content where cid = 2  limit 10 offset 0 ] 
08.11.2021 04:27:59 sql=[select count(*) as c from db_content where cid = 2] 
08.11.2021 04:28:06 sql=[select * from db_content where id=17 ] 
08.11.2021 04:29:58 sql=[select * from db_content where cid = 2] 
08.11.2021 04:29:58 sql=[select * from db_category where id = 2] 
08.11.2021 04:29:58 sql=[select * from db_content where cid = 2  limit 10 offset 0 ] 
08.11.2021 04:29:58 sql=[select count(*) as c from db_content where cid = 2] 
08.11.2021 04:34:39 sql=[select * from db_content where cid = 2] 
08.11.2021 04:34:39 sql=[select * from db_category where id = 2] 
08.11.2021 04:34:39 sql=[select * from db_content where cid = 2  limit 10 offset 0 ] 
08.11.2021 04:34:39 sql=[select count(*) as c from db_content where cid = 2] 
08.11.2021 04:35:15 sql=[select * from db_content where cid = 1] 
08.11.2021 04:35:15 sql=[select * from db_category where id = 1] 
08.11.2021 04:35:15 sql=[select * from db_content where cid = 1  limit 10 offset 0 ] 
08.11.2021 04:35:15 sql=[select count(*) as c from db_content where cid = 1] 
08.11.2021 04:35:18 sql=[select * from db_content where cid = 1] 
08.11.2021 04:35:18 sql=[select * from db_category where id = 1] 
08.11.2021 04:35:18 sql=[select * from db_content where cid = 1  limit 10 offset 0 ] 
08.11.2021 04:35:18 sql=[select count(*) as c from db_content where cid = 1] 
08.11.2021 04:35:20 sql=[select * from db_content where cid = 2] 
08.11.2021 04:35:20 sql=[select * from db_category where id = 2] 
08.11.2021 04:35:20 sql=[select * from db_content where cid = 2  limit 10 offset 0 ] 
08.11.2021 04:35:20 sql=[select count(*) as c from db_content where cid = 2] 
08.11.2021 04:35:22 sql=[select * from db_content where cid = 3] 
08.11.2021 04:35:22 sql=[select * from db_category where id = 3] 
08.11.2021 04:35:22 sql=[select * from db_content where cid = 3  limit 10 offset 0 ] 
08.11.2021 04:35:22 sql=[select count(*) as c from db_content where cid = 3] 
08.11.2021 04:35:23 sql=[select * from db_content where cid = 1] 
08.11.2021 04:35:23 sql=[select * from db_category where id = 1] 
08.11.2021 04:35:23 sql=[select * from db_content where cid = 1  limit 10 offset 0 ] 
08.11.2021 04:35:23 sql=[select count(*) as c from db_content where cid = 1] 
08.11.2021 04:35:25 sql=[select * from db_content where cid = 2] 
08.11.2021 04:35:25 sql=[select * from db_category where id = 2] 
08.11.2021 04:35:25 sql=[select * from db_content where cid = 2  limit 10 offset 0 ] 
08.11.2021 04:35:25 sql=[select count(*) as c from db_content where cid = 2] 
08.11.2021 04:35:26 sql=[select * from db_content where cid = 3] 
08.11.2021 04:35:26 sql=[select * from db_category where id = 3] 
08.11.2021 04:35:26 sql=[select * from db_content where cid = 3  limit 10 offset 0 ] 
08.11.2021 04:35:26 sql=[select count(*) as c from db_content where cid = 3] 
08.11.2021 04:35:27 sql=[select * from db_content where cid = 4] 
08.11.2021 04:35:27 sql=[select * from db_category where id = 4] 
08.11.2021 04:35:27 sql=[select * from db_content where cid = 4  limit 10 offset 0 ] 
08.11.2021 04:35:27 sql=[select count(*) as c from db_content where cid = 4] 
08.11.2021 04:35:29 sql=[select * from db_content where cid = 5] 
08.11.2021 04:35:29 sql=[select * from db_category where id = 5] 
08.11.2021 04:35:29 sql=[select * from db_content where cid = 5  limit 10 offset 0 ] 
08.11.2021 04:35:29 sql=[select count(*) as c from db_content where cid = 5] 
08.11.2021 04:35:30 sql=[select * from db_content where cid = 1] 
08.11.2021 04:35:30 sql=[select * from db_category where id = 1] 
08.11.2021 04:35:30 sql=[select * from db_content where cid = 1  limit 10 offset 0 ] 
08.11.2021 04:35:30 sql=[select count(*) as c from db_content where cid = 1] 
08.11.2021 04:37:33 sql=[select * from db_content where cid = 2] 
08.11.2021 04:37:33 sql=[select * from db_category where id = 2] 
08.11.2021 04:37:33 sql=[select * from db_content where cid = 2  limit 10 offset 0 ] 
08.11.2021 04:37:33 sql=[select count(*) as c from db_content where cid = 2] 
08.11.2021 05:03:44 sql=[select * from db_content where cid = 1] 
08.11.2021 05:03:44 sql=[select * from db_category where id = 1] 
08.11.2021 05:03:44 sql=[select * from db_content where cid = 1  limit 10 offset 0 ] 
08.11.2021 05:03:44 sql=[select count(*) as c from db_content where cid = 1] 
08.11.2021 05:10:55 sql=[select * from db_content where cid = 1] 
08.11.2021 05:10:55 sql=[select * from db_category where id = 1] 
08.11.2021 05:10:55 sql=[select * from db_content where cid = 1  limit 10 offset 0 ] 
08.11.2021 05:10:55 sql=[select count(*) as c from db_content where cid = 1] 
08.11.2021 05:20:38 sql=[select * from db_content where cid = 1] 
08.11.2021 05:20:38 sql=[select * from db_category where id = 1] 
08.11.2021 05:20:38 sql=[select * from db_content where cid = 1  limit 10 offset 0 ] 
08.11.2021 05:20:38 sql=[select count(*) as c from db_content where cid = 1] 
08.11.2021 05:21:11 sql=[select * from db_content where cid = 1] 
08.11.2021 05:21:11 sql=[select * from db_category where id = 1] 
08.11.2021 05:21:11 sql=[select * from db_content where cid = 1  limit 10 offset 0 ] 
08.11.2021 05:21:11 sql=[select count(*) as c from db_content where cid = 1] 
08.11.2021 05:21:13 sql=[select * from db_content where id=1 ] 
08.11.2021 05:21:53 sql=[select * from db_content where cid = 1] 
08.11.2021 05:21:53 sql=[select * from db_category where id = 1] 
08.11.2021 05:21:53 sql=[select * from db_content where cid = 1  limit 10 offset 0 ] 
08.11.2021 05:21:53 sql=[select count(*) as c from db_content where cid = 1] 
08.11.2021 05:22:08 sql=[select * from db_content where cid = 1] 
08.11.2021 05:22:08 sql=[select * from db_category where id = 1] 
08.11.2021 05:22:08 sql=[select * from db_content where cid = 1  limit 10 offset 0 ] 
08.11.2021 05:22:08 sql=[select count(*) as c from db_content where cid = 1] 
08.11.2021 05:23:45 sql=[select * from db_content where cid = 1] 
08.11.2021 05:23:45 sql=[select * from db_category where id = 1] 
08.11.2021 05:23:45 sql=[select * from db_content where cid = 1  limit 10 offset 0 ] 
08.11.2021 05:23:45 sql=[select count(*) as c from db_content where cid = 1] 
08.11.2021 05:24:28 sql=[select * from db_content where cid = 1] 
08.11.2021 05:24:28 sql=[select * from db_category where id = 1] 
08.11.2021 05:24:28 sql=[select * from db_content where cid = 1  limit 10 offset 0 ] 
08.11.2021 05:24:28 sql=[select count(*) as c from db_content where cid = 1] 
08.11.2021 05:25:35 sql=[select * from db_content where cid = 1] 
08.11.2021 05:25:35 sql=[select * from db_category where id = 1] 
08.11.2021 05:25:35 sql=[select * from db_content where cid = 1  limit 10 offset 0 ] 
08.11.2021 05:25:35 sql=[select count(*) as c from db_content where cid = 1] 
08.11.2021 05:25:40 sql=[select * from db_content where id=1 ] 
08.11.2021 05:25:56 sql=[select * from db_content where cid = 1] 
08.11.2021 05:25:56 sql=[select * from db_category where id = 1] 
08.11.2021 05:25:56 sql=[select * from db_content where cid = 1  limit 10 offset 0 ] 
08.11.2021 05:25:56 sql=[select count(*) as c from db_content where cid = 1] 
08.11.2021 05:26:24 sql=[select * from db_content where cid = 1] 
08.11.2021 05:26:24 sql=[select * from db_category where id = 1] 
08.11.2021 05:26:24 sql=[select * from db_content where cid = 1  limit 10 offset 0 ] 
08.11.2021 05:26:24 sql=[select count(*) as c from db_content where cid = 1] 
08.11.2021 05:26:26 sql=[select * from db_content where cid = 1] 
08.11.2021 05:26:26 sql=[select * from db_category where id = 1] 
08.11.2021 05:26:26 sql=[select * from db_content where cid = 1  limit 10 offset 0 ] 
08.11.2021 05:26:26 sql=[select count(*) as c from db_content where cid = 1] 
08.11.2021 05:26:28 sql=[select * from db_content where cid = 1] 
08.11.2021 05:26:28 sql=[select * from db_category where id = 1] 
08.11.2021 05:26:28 sql=[select * from db_content where cid = 1  limit 10 offset 0 ] 
08.11.2021 05:26:28 sql=[select count(*) as c from db_content where cid = 1] 
08.11.2021 05:26:34 sql=[select * from db_content where cid = 1] 
08.11.2021 05:26:34 sql=[select * from db_category where id = 1] 
08.11.2021 05:26:34 sql=[select * from db_content where cid = 1  limit 10 offset 0 ] 
08.11.2021 05:26:34 sql=[select count(*) as c from db_content where cid = 1] 
08.11.2021 05:27:32 sql=[select * from db_content where cid = 1] 
08.11.2021 05:27:32 sql=[select * from db_category where id = 1] 
08.11.2021 05:27:32 sql=[select * from db_content where cid = 1  limit 10 offset 0 ] 
08.11.2021 05:27:32 sql=[select count(*) as c from db_content where cid = 1] 
08.11.2021 05:29:02 sql=[select * from db_content where id=1 ] 
08.11.2021 05:35:32 sql=[select * from db_content where cid = 1] 
08.11.2021 05:35:32 sql=[select * from db_category where id = 1] 
08.11.2021 05:35:32 sql=[select * from db_content where cid = 1  limit 10 offset 0 ] 
08.11.2021 05:35:32 sql=[select count(*) as c from db_content where cid = 1] 
08.11.2021 05:35:48 sql=[select * from db_content where cid = 1] 
08.11.2021 05:35:48 sql=[select * from db_category where id = 1] 
08.11.2021 05:35:48 sql=[select * from db_content where cid = 1  limit 10 offset 0 ] 
08.11.2021 05:35:48 sql=[select count(*) as c from db_content where cid = 1] 
08.11.2021 05:35:54 sql=[select * from db_content where cid = 2] 
08.11.2021 05:35:54 sql=[select * from db_category where id = 2] 
08.11.2021 05:35:54 sql=[select * from db_content where cid = 2  limit 10 offset 0 ] 
08.11.2021 05:35:54 sql=[select count(*) as c from db_content where cid = 2] 
08.11.2021 05:36:36 sql=[select * from db_content where cid = 2] 
08.11.2021 05:36:36 sql=[select * from db_category where id = 2] 
08.11.2021 05:36:36 sql=[select * from db_content where cid = 2  limit 10 offset 0 ] 
08.11.2021 05:36:36 sql=[select count(*) as c from db_content where cid = 2] 
08.11.2021 05:36:37 sql=[select * from db_content where cid = 2] 
08.11.2021 05:36:37 sql=[select * from db_category where id = 2] 
08.11.2021 05:36:37 sql=[select * from db_content where cid = 2  limit 10 offset 0 ] 
08.11.2021 05:36:37 sql=[select count(*) as c from db_content where cid = 2] 
08.11.2021 05:36:58 sql=[select * from db_content where cid = 2] 
08.11.2021 05:36:58 sql=[select * from db_category where id = 2] 
08.11.2021 05:36:58 sql=[select * from db_content where cid = 2  limit 10 offset 0 ] 
08.11.2021 05:36:58 sql=[select count(*) as c from db_content where cid = 2] 
08.11.2021 05:38:10 sql=[select * from db_content where cid = 2] 
08.11.2021 05:38:10 sql=[select * from db_category where id = 2] 
08.11.2021 05:38:10 sql=[select * from db_content where cid = 2  limit 10 offset 0 ] 
08.11.2021 05:38:10 sql=[select count(*) as c from db_content where cid = 2] 
08.11.2021 05:39:51 sql=[select * from db_content where cid = 2] 
08.11.2021 05:39:51 sql=[select * from db_category where id = 2] 
08.11.2021 05:39:51 sql=[select * from db_content where cid = 2  limit 10 offset 0 ] 
08.11.2021 05:39:51 sql=[select count(*) as c from db_content where cid = 2] 
08.11.2021 05:40:13 sql=[select * from db_content where cid = 2] 
08.11.2021 05:40:13 sql=[select * from db_category where id = 2] 
08.11.2021 05:40:13 sql=[select * from db_content where cid = 2  limit 10 offset 0 ] 
08.11.2021 05:40:13 sql=[select count(*) as c from db_content where cid = 2] 
08.11.2021 05:41:21 sql=[select * from db_content where cid = 2] 
08.11.2021 05:41:21 sql=[select * from db_category where id = 2] 
08.11.2021 05:41:21 sql=[select * from db_content where cid = 2  limit 10 offset 0 ] 
08.11.2021 05:41:21 sql=[select count(*) as c from db_content where cid = 2] 
08.11.2021 05:41:27 sql=[select * from db_content where cid = 1] 
08.11.2021 05:41:27 sql=[select * from db_category where id = 1] 
08.11.2021 05:41:27 sql=[select * from db_content where cid = 1  limit 10 offset 0 ] 
08.11.2021 05:41:27 sql=[select count(*) as c from db_content where cid = 1] 
08.11.2021 05:41:29 sql=[select * from db_content where cid = 1] 
08.11.2021 05:41:29 sql=[select * from db_category where id = 1] 
08.11.2021 05:41:29 sql=[select * from db_content where cid = 1  limit 10 offset 0 ] 
08.11.2021 05:41:29 sql=[select count(*) as c from db_content where cid = 1] 
08.11.2021 05:42:41 sql=[select * from db_content where cid = 1] 
08.11.2021 05:42:41 sql=[select * from db_category where id = 1] 
08.11.2021 05:42:41 sql=[select * from db_content where cid = 1  limit 10 offset 0 ] 
08.11.2021 05:42:41 sql=[select count(*) as c from db_content where cid = 1] 
08.11.2021 05:43:13 sql=[select * from db_content where cid = 1] 
08.11.2021 05:43:13 sql=[select * from db_category where id = 1] 
08.11.2021 05:43:13 sql=[select * from db_content where cid = 1  limit 10 offset 0 ] 
08.11.2021 05:43:13 sql=[select count(*) as c from db_content where cid = 1] 
08.11.2021 05:43:42 sql=[select * from db_content where cid = 1] 
08.11.2021 05:43:42 sql=[select * from db_category where id = 1] 
08.11.2021 05:43:42 sql=[select * from db_content where cid = 1  limit 10 offset 0 ] 
08.11.2021 05:43:42 sql=[select count(*) as c from db_content where cid = 1] 
08.11.2021 05:45:31 sql=[select * from db_content where cid = 1] 
08.11.2021 05:45:31 sql=[select * from db_category where id = 1] 
08.11.2021 05:45:31 sql=[select * from db_content where cid = 1  limit 10 offset 0 ] 
08.11.2021 05:45:31 sql=[select count(*) as c from db_content where cid = 1] 
08.11.2021 05:45:33 sql=[select * from db_content where cid = 2] 
08.11.2021 05:45:33 sql=[select * from db_category where id = 2] 
08.11.2021 05:45:33 sql=[select * from db_content where cid = 2  limit 10 offset 0 ] 
08.11.2021 05:45:33 sql=[select count(*) as c from db_content where cid = 2] 
08.11.2021 05:45:35 sql=[select * from db_content where cid = 3] 
08.11.2021 05:45:35 sql=[select * from db_category where id = 3] 
08.11.2021 05:45:35 sql=[select * from db_content where cid = 3  limit 10 offset 0 ] 
08.11.2021 05:45:35 sql=[select count(*) as c from db_content where cid = 3] 
08.11.2021 05:45:36 sql=[select * from db_content where cid = 4] 
08.11.2021 05:45:36 sql=[select * from db_category where id = 4] 
08.11.2021 05:45:36 sql=[select * from db_content where cid = 4  limit 10 offset 0 ] 
08.11.2021 05:45:36 sql=[select count(*) as c from db_content where cid = 4] 
08.11.2021 05:45:39 sql=[select * from db_content where cid = 5] 
08.11.2021 05:45:39 sql=[select * from db_category where id = 5] 
08.11.2021 05:45:39 sql=[select * from db_content where cid = 5  limit 10 offset 0 ] 
08.11.2021 05:45:39 sql=[select count(*) as c from db_content where cid = 5] 
08.11.2021 06:02:25 sql=[select * from db_content where cid = 1] 
08.11.2021 06:02:25 sql=[select * from db_category where id = 1] 
08.11.2021 06:02:25 sql=[select * from db_content where cid = 1  limit 10 offset 0 ] 
08.11.2021 06:02:25 sql=[select count(*) as c from db_content where cid = 1] 
08.11.2021 06:02:41 sql=[select * from db_content where cid = 1] 
08.11.2021 06:02:41 sql=[select * from db_category where id = 1] 
08.11.2021 06:02:41 sql=[select * from db_content where cid = 1  limit 10 offset 0 ] 
08.11.2021 06:02:41 sql=[select count(*) as c from db_content where cid = 1] 
08.11.2021 06:36:11 sql=[select * from db_content where cid = 1] 
08.11.2021 06:36:11 sql=[select * from db_category where id = 1] 
08.11.2021 06:36:11 sql=[select * from db_content where cid = 1  limit 10 offset 0 ] 
08.11.2021 06:36:11 sql=[select count(*) as c from db_content where cid = 1] 
08.11.2021 06:37:47 sql=[select * from db_content where cid = 1] 
08.11.2021 06:37:47 sql=[select * from db_category where id = 1] 
08.11.2021 06:37:47 sql=[select * from db_content where cid = 1  limit 10 offset 0 ] 
08.11.2021 06:37:47 sql=[select count(*) as c from db_content where cid = 1] 
08.11.2021 06:37:52 sql=[select * from db_content where cid = 1] 
08.11.2021 06:37:52 sql=[select * from db_category where id = 1] 
08.11.2021 06:37:52 sql=[select * from db_content where cid = 1  limit 10 offset 0 ] 
08.11.2021 06:37:52 sql=[select count(*) as c from db_content where cid = 1] 
08.11.2021 06:56:05 sql=[select * from db_content where cid = 1] 
08.11.2021 06:56:05 sql=[select * from db_category where id = 1] 
08.11.2021 06:56:05 sql=[select * from db_content where cid = 1  limit 10 offset 0 ] 
08.11.2021 06:56:05 sql=[select count(*) as c from db_content where cid = 1] 
08.11.2021 06:57:03 sql=[select * from db_content where cid = 1] 
08.11.2021 06:57:03 sql=[select * from db_category where id = 1] 
08.11.2021 06:57:03 sql=[select * from db_content where cid = 1  limit 10 offset 0 ] 
08.11.2021 06:57:03 sql=[select count(*) as c from db_content where cid = 1] 
08.11.2021 06:57:06 sql=[select * from db_content where id=1 ] 
08.11.2021 06:57:49 sql=[select * from db_content where cid = 1] 
08.11.2021 06:57:49 sql=[select * from db_category where id = 1] 
08.11.2021 06:57:49 sql=[select * from db_content where cid = 1  limit 10 offset 0 ] 
08.11.2021 06:57:49 sql=[select count(*) as c from db_content where cid = 1] 
08.11.2021 06:57:53 sql=[select * from db_content where id=1 ] 
08.11.2021 06:58:16 sql=[select * from db_content where id=1 ] 
08.11.2021 06:59:39 sql=[select * from db_content where id=1 ] 
08.11.2021 06:59:57 sql=[select * from db_content where id=1 ] 
08.11.2021 07:01:51 sql=[select * from db_content where id=1 ] 
08.11.2021 07:02:06 sql=[select * from db_content where cid = 1] 
08.11.2021 07:02:06 sql=[select * from db_category where id = 1] 
08.11.2021 07:02:06 sql=[select * from db_content where cid = 1  limit 10 offset 0 ] 
08.11.2021 07:02:06 sql=[select count(*) as c from db_content where cid = 1] 
08.11.2021 07:02:20 sql=[select * from db_content where cid = 1] 
08.11.2021 07:02:20 sql=[select * from db_category where id = 1] 
08.11.2021 07:02:20 sql=[select * from db_content where cid = 1  limit 10 offset 0 ] 
08.11.2021 07:02:20 sql=[select count(*) as c from db_content where cid = 1] 
08.11.2021 07:03:11 sql=[select * from db_content where cid = 1] 
08.11.2021 07:03:11 sql=[select * from db_category where id = 1] 
08.11.2021 07:03:11 sql=[select * from db_content where cid = 1  limit 10 offset 0 ] 
08.11.2021 07:03:11 sql=[select count(*) as c from db_content where cid = 1] 
08.11.2021 07:03:12 sql=[select * from db_content where id=1 ] 
08.11.2021 07:03:14 sql=[select * from db_content where id=1 ] 
08.11.2021 07:04:09 sql=[select * from db_content where id=1 ] 
08.11.2021 07:04:17 sql=[select * from db_content where id=1 ] 
08.11.2021 07:05:03 sql=[select * from db_content where id=1 ] 
08.11.2021 07:08:08 sql=[select * from db_content where id=1 ] 
08.11.2021 07:08:52 sql=[select * from db_content where id=1 ] 
08.11.2021 07:09:28 sql=[select * from db_content where id=1 ] 
08.11.2021 07:09:39 sql=[select * from db_content where cid = 1] 
08.11.2021 07:09:39 sql=[select * from db_category where id = 1] 
08.11.2021 07:09:39 sql=[select * from db_content where cid = 1  limit 10 offset 0 ] 
08.11.2021 07:09:39 sql=[select count(*) as c from db_content where cid = 1] 
08.11.2021 07:09:48 sql=[select * from db_content where cid = 1] 
08.11.2021 07:09:48 sql=[select * from db_category where id = 1] 
08.11.2021 07:09:48 sql=[select * from db_content where cid = 1  limit 10 offset 0 ] 
08.11.2021 07:09:48 sql=[select count(*) as c from db_content where cid = 1] 
08.11.2021 07:10:38 sql=[select * from db_content where cid = 1] 
08.11.2021 07:10:38 sql=[select * from db_category where id = 1] 
08.11.2021 07:10:38 sql=[select * from db_content where cid = 1  limit 10 offset 0 ] 
08.11.2021 07:10:38 sql=[select count(*) as c from db_content where cid = 1] 
08.11.2021 07:10:39 sql=[select * from db_content where id=1 ] 
08.11.2021 07:11:17 sql=[select * from db_content where id=1 ] 
08.11.2021 07:11:20 sql=[select * from db_content where id=1 ] 
08.11.2021 07:11:41 sql=[select * from db_content where id=1 ] 
08.11.2021 07:11:48 sql=[select * from db_content where id=1 ] 
08.11.2021 07:11:50 sql=[select * from db_content where cid = 1] 
08.11.2021 07:11:50 sql=[select * from db_category where id = 1] 
08.11.2021 07:11:50 sql=[select * from db_content where cid = 1  limit 10 offset 0 ] 
08.11.2021 07:11:50 sql=[select count(*) as c from db_content where cid = 1] 
08.11.2021 07:11:54 sql=[select * from db_content where cid = 1] 
08.11.2021 07:11:54 sql=[select * from db_category where id = 1] 
08.11.2021 07:11:54 sql=[select * from db_content where cid = 1  limit 10 offset 0 ] 
08.11.2021 07:11:54 sql=[select count(*) as c from db_content where cid = 1] 
08.11.2021 07:12:58 sql=[select * from db_content where id=1 ] 
08.11.2021 07:13:03 sql=[select * from db_content where id=1 ] 
08.11.2021 07:16:54 sql=[select * from db_content where id=1 ] 
08.11.2021 07:16:59 sql=[select * from db_content where id=2 ] 
08.11.2021 07:17:04 sql=[select * from db_content where id=3 ] 
08.11.2021 07:17:07 sql=[select * from db_content where id=4 ] 
08.11.2021 07:17:13 sql=[select * from db_content where id=9 ] 
08.11.2021 07:17:16 sql=[select * from db_content where id=10 ] 
08.11.2021 07:17:30 sql=[select * from db_content where id=4 ] 
08.11.2021 07:28:57 sql=[select * from db_category where id = 1] 
08.11.2021 07:28:57 sql=[select * from db_content where cid = 1  limit 9 offset 0 ] 
08.11.2021 07:28:57 sql=[select * from db_content where cid = 1] 
08.11.2021 07:29:00 sql=[select * from db_category where id = 1] 
08.11.2021 07:29:00 sql=[select * from db_content where cid = 1  limit 9 offset 0 ] 
08.11.2021 07:29:00 sql=[select * from db_content where cid = 1] 
08.11.2021 07:29:52 sql=[select * from db_category where id = 1] 
08.11.2021 07:29:52 sql=[select * from db_content where cid = 1  limit 9 offset 0 ] 
08.11.2021 07:29:52 sql=[select * from db_content where cid = 1] 
08.11.2021 07:30:27 sql=[select * from db_category where id = 1] 
08.11.2021 07:30:27 sql=[select * from db_content where cid = 1  limit 9 offset 0 ] 
08.11.2021 07:30:27 sql=[select * from db_content where cid = 1] 
08.11.2021 07:30:31 sql=[select * from db_category where id = 1] 
08.11.2021 07:30:31 sql=[select * from db_content where cid = 1  limit 9 offset 0 ] 
08.11.2021 07:30:31 sql=[select * from db_content where cid = 1] 
08.11.2021 07:30:57 sql=[select * from db_content where cid = 1] 
08.11.2021 07:30:57 sql=[select * from db_category where id = 1] 
08.11.2021 07:30:57 sql=[select * from db_content where cid = 1  limit 10 offset 0 ] 
08.11.2021 07:30:57 sql=[select count(*) as c from db_content where cid = 1] 
08.11.2021 07:33:32 sql=[select * from db_category where id = 1] 
08.11.2021 07:33:32 sql=[select * from db_content where cid = 1  limit 9 offset 0 ] 
08.11.2021 07:33:32 sql=[select * from db_content where cid = 1] 
08.11.2021 07:33:59 sql=[select * from db_category where id = 1] 
08.11.2021 07:33:59 sql=[select * from db_content where cid = 1  limit 8 offset 0 ] 
08.11.2021 07:33:59 sql=[select * from db_content where cid = 1] 
08.11.2021 07:35:00 sql=[select * from db_category where id = 1] 
08.11.2021 07:35:00 sql=[select * from db_content where cid = 1  limit 8 offset 0 ] 
08.11.2021 07:35:00 sql=[select * from db_content where cid = 1] 
08.11.2021 07:35:16 sql=[select * from db_category where id = 1] 
08.11.2021 07:35:16 sql=[select * from db_content where cid = 1  limit 8 offset 0 ] 
08.11.2021 07:35:16 sql=[select * from db_content where cid = 1] 
08.11.2021 07:35:43 sql=[select * from db_category where id = 1] 
08.11.2021 07:35:43 sql=[select * from db_content where cid = 1  limit 8 offset 0 ] 
08.11.2021 07:35:43 sql=[select * from db_content where cid = 1] 
08.11.2021 07:35:45 sql=[select * from db_content where id=1 ] 
08.11.2021 07:35:53 sql=[select * from db_category where id = 1] 
08.11.2021 07:35:53 sql=[select * from db_content where cid = 1  limit 8 offset 0 ] 
08.11.2021 07:35:53 sql=[select * from db_content where cid = 1] 
08.11.2021 07:35:55 sql=[select * from db_category where id = 1] 
08.11.2021 07:35:55 sql=[select * from db_content where cid = 1  limit 8 offset 8 ] 
08.11.2021 07:35:55 sql=[select * from db_content where cid = 1] 
08.11.2021 07:36:01 sql=[select * from db_content where id=9 ] 
08.11.2021 07:36:10 sql=[select * from db_category where id = 1] 
08.11.2021 07:36:10 sql=[select * from db_content where cid = 1  limit 8 offset 0 ] 
08.11.2021 07:36:10 sql=[select * from db_content where cid = 1] 
08.11.2021 07:36:13 sql=[select * from db_category where id = 2] 
08.11.2021 07:36:13 sql=[select * from db_content where cid = 2  limit 8 offset 0 ] 
08.11.2021 07:36:13 sql=[select * from db_content where cid = 2] 
08.11.2021 07:36:34 sql=[select * from db_category where id = 2] 
08.11.2021 07:36:34 sql=[select * from db_content where cid = 2  limit 8 offset 0 ] 
08.11.2021 07:36:34 sql=[select * from db_content where cid = 2] 
08.11.2021 07:36:42 sql=[select * from db_category where id = 1] 
08.11.2021 07:36:42 sql=[select * from db_content where cid = 1  limit 8 offset 0 ] 
08.11.2021 07:36:42 sql=[select * from db_content where cid = 1] 
08.11.2021 07:37:32 sql=[select * from db_category where id = 2] 
08.11.2021 07:37:32 sql=[select * from db_content where cid = 2  limit 8 offset 0 ] 
08.11.2021 07:37:32 sql=[select * from db_content where cid = 2] 
08.11.2021 07:38:05 sql=[select * from db_category where id = 2] 
08.11.2021 07:38:05 sql=[select * from db_content where cid = 2  limit 8 offset 0 ] 
08.11.2021 07:38:05 sql=[select * from db_content where cid = 2] 
08.11.2021 07:38:29 sql=[select * from db_category where id = 2] 
08.11.2021 07:38:29 sql=[select * from db_content where cid = 2  limit 8 offset 0 ] 
08.11.2021 07:38:29 sql=[select * from db_content where cid = 2] 
08.11.2021 07:38:37 sql=[select * from db_category where id = 2] 
08.11.2021 07:38:37 sql=[select * from db_content where cid = 2  limit 8 offset 8 ] 
08.11.2021 07:38:37 sql=[select * from db_content where cid = 2] 
08.11.2021 07:38:51 sql=[select * from db_category where id = 2] 
08.11.2021 07:38:51 sql=[select * from db_content where cid = 2  limit 8 offset 0 ] 
08.11.2021 07:38:51 sql=[select * from db_content where cid = 2] 
08.11.2021 07:39:55 sql=[select * from db_content where id=13 ] 
08.11.2021 07:40:08 sql=[select * from db_category where id = 2] 
08.11.2021 07:40:08 sql=[select * from db_content where cid = 2  limit 8 offset 8 ] 
08.11.2021 07:40:08 sql=[select * from db_content where cid = 2] 
08.11.2021 07:43:07 sql=[select * from db_category where id = 2] 
08.11.2021 07:43:07 sql=[select * from db_content where cid = 2  limit 8 offset 8 ] 
08.11.2021 07:43:07 sql=[select * from db_content where cid = 2] 
08.11.2021 07:43:23 sql=[select * from db_category where id = 2] 
08.11.2021 07:43:23 sql=[select * from db_content where cid = 2  limit 8 offset 8 ] 
08.11.2021 07:43:23 sql=[select * from db_content where cid = 2] 
08.11.2021 07:43:41 sql=[select * from db_category where id = 2] 
08.11.2021 07:43:41 sql=[select * from db_content where cid = 2  limit 8 offset 8 ] 
08.11.2021 07:43:41 sql=[select * from db_content where cid = 2] 
08.11.2021 07:43:46 sql=[select * from db_category where id = 2] 
08.11.2021 07:43:46 sql=[select * from db_content where cid = 2  limit 8 offset 0 ] 
08.11.2021 07:43:46 sql=[select * from db_content where cid = 2] 
08.11.2021 07:44:48 sql=[select * from db_category where id = 2] 
08.11.2021 07:44:48 sql=[select * from db_content where cid = 2  limit 8 offset 0 ] 
08.11.2021 07:44:48 sql=[select * from db_content where cid = 2] 
08.11.2021 07:46:05 sql=[select * from db_category where id = 2] 
08.11.2021 07:46:05 sql=[select * from db_content where cid = 2  limit 8 offset 0 ] 
08.11.2021 07:46:05 sql=[select * from db_content where cid = 2] 
08.11.2021 07:46:43 sql=[select * from db_category where id = 2] 
08.11.2021 07:46:43 sql=[select * from db_content where cid = 2  limit 8 offset 0 ] 
08.11.2021 07:46:43 sql=[select * from db_content where cid = 2] 
08.11.2021 07:48:00 sql=[select * from db_category where id = 2] 
08.11.2021 07:48:00 sql=[select * from db_content where cid = 2  limit 8 offset 0 ] 
08.11.2021 07:48:00 sql=[select * from db_content where cid = 2] 
08.11.2021 07:48:03 sql=[select * from db_category where id = 2] 
08.11.2021 07:48:03 sql=[select * from db_content where cid = 2  limit 8 offset 0 ] 
08.11.2021 07:48:03 sql=[select * from db_content where cid = 2] 
08.11.2021 07:48:50 sql=[select * from db_category where id = 2] 
08.11.2021 07:48:50 sql=[select * from db_content where cid = 2  limit 8 offset 0 ] 
08.11.2021 07:48:50 sql=[select * from db_content where cid = 2] 
08.11.2021 07:51:29 sql=[select * from db_category where id = 2] 
08.11.2021 07:51:29 sql=[select * from db_content where cid = 2  limit 8 offset 0 ] 
08.11.2021 07:51:29 sql=[select * from db_content where cid = 2] 
08.11.2021 07:51:35 sql=[select * from db_category where id = 2] 
08.11.2021 07:51:35 sql=[select * from db_content where cid = 2  limit 8 offset 8 ] 
08.11.2021 07:51:35 sql=[select * from db_content where cid = 2] 
08.11.2021 07:52:07 sql=[select * from db_category where id = 2] 
08.11.2021 07:52:07 sql=[select * from db_content where cid = 2  limit 8 offset 8 ] 
08.11.2021 07:52:07 sql=[select * from db_content where cid = 2] 
08.11.2021 07:52:11 sql=[select * from db_content where id=21 ] 
08.11.2021 07:52:28 sql=[select * from db_category where id = 2] 
08.11.2021 07:52:28 sql=[select * from db_content where cid = 2  limit 8 offset 0 ] 
08.11.2021 07:52:28 sql=[select * from db_content where cid = 2] 
08.11.2021 07:52:50 sql=[select * from db_content where id=13 ] 
08.11.2021 07:53:44 sql=[select * from db_category where id = 2] 
08.11.2021 07:53:44 sql=[select * from db_content where cid = 2  limit 8 offset 0 ] 
08.11.2021 07:53:44 sql=[select * from db_content where cid = 2] 
08.11.2021 07:54:21 sql=[select * from db_category where id = 2] 
08.11.2021 07:54:21 sql=[select * from db_content where cid = 2  limit 8 offset 0 ] 
08.11.2021 07:54:21 sql=[select * from db_content where cid = 2] 
08.11.2021 07:54:42 sql=[select * from db_category where id = 2] 
08.11.2021 07:54:42 sql=[select * from db_content where cid = 2  limit 8 offset 0 ] 
08.11.2021 07:54:42 sql=[select * from db_content where cid = 2] 
08.11.2021 07:56:55 sql=[select * from db_category where id = 2] 
08.11.2021 07:56:55 sql=[select * from db_content where cid = 2  limit 8 offset 0 ] 
08.11.2021 07:56:55 sql=[select * from db_content where cid = 2] 
08.11.2021 07:56:57 sql=[select * from db_content where id=13 ] 
08.11.2021 07:57:06 sql=[select * from db_category where id = 2] 
08.11.2021 07:57:06 sql=[select * from db_content where cid = 2  limit 8 offset 8 ] 
08.11.2021 07:57:06 sql=[select * from db_content where cid = 2] 
08.11.2021 07:57:09 sql=[select * from db_category where id = 1] 
08.11.2021 07:57:09 sql=[select * from db_content where cid = 1  limit 8 offset 0 ] 
08.11.2021 07:57:09 sql=[select * from db_content where cid = 1] 
08.11.2021 07:57:15 sql=[select * from db_content where id=1 ] 
08.11.2021 07:59:32 sql=[select * from db_category where id = 1] 
08.11.2021 07:59:32 sql=[select * from db_content where cid = 1  limit 8 offset 0 ] 
08.11.2021 07:59:32 sql=[select * from db_content where cid = 1] 
08.11.2021 07:59:40 sql=[select * from db_category where id = 1] 
08.11.2021 07:59:40 sql=[select * from db_content where cid = 1  limit 8 offset 0 ] 
08.11.2021 07:59:40 sql=[select * from db_content where cid = 1] 
08.11.2021 07:59:49 sql=[select * from db_category where id = 1] 
08.11.2021 07:59:49 sql=[select * from db_content where cid = 1  limit 8 offset 0 ] 
08.11.2021 07:59:49 sql=[select * from db_content where cid = 1] 
08.11.2021 07:59:56 sql=[select * from db_content where id=1 ] 
08.11.2021 08:07:23 sql=[select * from grab_content  order by id desc
	 limit 10 ] 
08.11.2021 08:07:23 Khong the select duoc,ERROR=[Table 'btl_cnweb.grab_content' doesn't exist] 
08.11.2021 08:07:23 COUNT=[0] 
08.11.2021 08:08:59 sql=[select * from grab_content  order by id desc
	 limit 10 ] 
08.11.2021 08:08:59 Khong the select duoc,ERROR=[Table 'btl_cnweb.grab_content' doesn't exist] 
08.11.2021 08:08:59 COUNT=[0] 
08.11.2021 08:11:41 sql=[select * from grab_content  order by id desc
        limit 10 ] 
08.11.2021 08:11:41 Khong the select duoc,ERROR=[Table 'btl_cnweb.grab_content' doesn't exist] 
08.11.2021 08:11:41 COUNT=[0] 
08.11.2021 08:15:13 sql=[select * from db_category where id = 1] 
08.11.2021 08:15:13 sql=[select * from db_content where cid = 1  limit 8 offset 0 ] 
08.11.2021 08:15:13 sql=[select * from db_content where cid = 1] 
08.11.2021 08:15:15 sql=[select * from db_content where id=1 ] 
08.11.2021 08:15:19 sql=[select * from db_category where id = 1] 
08.11.2021 08:15:19 sql=[select * from db_content where cid = 1  limit 8 offset 0 ] 
08.11.2021 08:15:19 sql=[select * from db_content where cid = 1] 
08.11.2021 08:15:22 sql=[select * from db_category where id = 1] 
08.11.2021 08:15:22 sql=[select * from db_content where cid = 1  limit 8 offset 8 ] 
08.11.2021 08:15:22 sql=[select * from db_content where cid = 1] 
08.11.2021 08:15:25 sql=[select * from db_category where id = 2] 
08.11.2021 08:15:25 sql=[select * from db_content where cid = 2  limit 8 offset 0 ] 
08.11.2021 08:15:25 sql=[select * from db_content where cid = 2] 
08.11.2021 08:15:28 sql=[select * from db_category where id = 2] 
08.11.2021 08:15:28 sql=[select * from db_content where cid = 2  limit 8 offset 8 ] 
08.11.2021 08:15:28 sql=[select * from db_content where cid = 2] 
08.11.2021 08:15:31 sql=[select * from db_category where id = 3] 
08.11.2021 08:15:31 sql=[select * from db_content where cid = 3  limit 8 offset 0 ] 
08.11.2021 08:15:31 sql=[select * from db_content where cid = 3] 
